<?xml version="1.0" encoding="UTF-8"?>
<testsuite xmlns:xsi="http://www.w3.org/2001/XMLSchema-instance" xsi:noNamespaceSchemaLocation="https://maven.apache.org/surefire/maven-surefire-plugin/xsd/surefire-test-report.xsd" name="ca.on.oicr.pde.workflows.sWGPipeTest" time="1.537" tests="1" errors="0" skipped="0" failures="0">
  <properties>
    <property name="gopherProxySet" value="false"/>
    <property name="awt.toolkit" value="sun.lwawt.macosx.LWCToolkit"/>
    <property name="file.encoding.pkg" value="sun.io"/>
    <property name="java.specification.version" value="1.8"/>
    <property name="sun.cpu.isalist" value=""/>
    <property name="sun.jnu.encoding" value="UTF-8"/>
    <property name="java.class.path" value="/Users/prath/.m2/repository/org/apache/maven/surefire/surefire-booter/2.21.0/surefire-booter-2.21.0.jar:/Users/prath/.m2/repository/org/apache/maven/surefire/surefire-api/2.21.0/surefire-api-2.21.0.jar:/Users/prath/.m2/repository/org/apache/maven/surefire/surefire-logger-api/2.21.0/surefire-logger-api-2.21.0.jar:/Users/prath/repo/sWG-Pipe/workflow-sWG-pipe/target/test-classes:/Users/prath/repo/sWG-Pipe/workflow-sWG-pipe/target/classes:/Users/prath/.m2/repository/com/github/seqware/seqware-pipeline/2.0.2/seqware-pipeline-2.0.2.jar:/Users/prath/.m2/repository/org/apache/httpcomponents/httpcore/4.4.8/httpcore-4.4.8.jar:/Users/prath/.m2/repository/org/apache/commons/commons-exec/1.3/commons-exec-1.3.jar:/Users/prath/.m2/repository/com/github/seqware/seqware-admin-webservice/2.0.2/seqware-admin-webservice-2.0.2-classes.jar:/Users/prath/.m2/repository/com/sun/jersey/jersey-json/1.19.1/jersey-json-1.19.1.jar:/Users/prath/.m2/repository/javax/ws/rs/jsr311-api/1.1.1/jsr311-api-1.1.1.jar:/Users/prath/.m2/repository/javax/xml/bind/jaxb-api/2.2.2/jaxb-api-2.2.2.jar:/Users/prath/.m2/repository/javax/xml/stream/stax-api/1.0-2/stax-api-1.0-2.jar:/Users/prath/.m2/repository/javax/activation/activation/1.1/activation-1.1.jar:/Users/prath/.m2/repository/com/sun/xml/bind/jaxb-impl/2.2.3-1/jaxb-impl-2.2.3-1.jar:/Users/prath/.m2/repository/com/sun/jersey/jersey-servlet/1.11.1/jersey-servlet-1.11.1.jar:/Users/prath/.m2/repository/com/sun/jersey/jersey-server/1.11.1/jersey-server-1.11.1.jar:/Users/prath/.m2/repository/asm/asm/3.3.1/asm-3.3.1.jar:/Users/prath/.m2/repository/org/springframework/spring-core/5.0.0.RELEASE/spring-core-5.0.0.RELEASE.jar:/Users/prath/.m2/repository/org/springframework/spring-jcl/5.0.0.RELEASE/spring-jcl-5.0.0.RELEASE.jar:/Users/prath/.m2/repository/org/jdom/jdom/1.1/jdom-1.1.jar:/Users/prath/.m2/repository/org/apache/httpcomponents/httpclient/4.5.2/httpclient-4.5.2.jar:/Users/prath/.m2/repository/net/sf/jopt-simple/jopt-simple/5.0.1/jopt-simple-5.0.1.jar:/Users/prath/.m2/repository/commons-codec/commons-codec/1.9/commons-codec-1.9.jar:/Users/prath/.m2/repository/com/amazonaws/aws-java-sdk-s3/1.11.15/aws-java-sdk-s3-1.11.15.jar:/Users/prath/.m2/repository/com/amazonaws/aws-java-sdk-kms/1.11.15/aws-java-sdk-kms-1.11.15.jar:/Users/prath/.m2/repository/com/amazonaws/aws-java-sdk-core/1.11.15/aws-java-sdk-core-1.11.15.jar:/Users/prath/.m2/repository/com/fasterxml/jackson/dataformat/jackson-dataformat-cbor/2.6.6/jackson-dataformat-cbor-2.6.6.jar:/Users/prath/.m2/repository/org/netbeans/api/org-openide-util-lookup/RELEASE701/org-openide-util-lookup-RELEASE701.jar:/Users/prath/.m2/repository/commons-io/commons-io/2.4/commons-io-2.4.jar:/Users/prath/.m2/repository/de/huxhorn/lilith/de.huxhorn.lilith.3rdparty.junique/1.0.2/de.huxhorn.lilith.3rdparty.junique-1.0.2.jar:/Users/prath/.m2/repository/org/hibernate/hibernate-java8/5.2.11.Final/hibernate-java8-5.2.11.Final.jar:/Users/prath/.m2/repository/org/jboss/logging/jboss-logging/3.3.0.Final/jboss-logging-3.3.0.Final.jar:/Users/prath/.m2/repository/org/hibernate/hibernate-core/5.2.11.Final/hibernate-core-5.2.11.Final.jar:/Users/prath/.m2/repository/org/hibernate/javax/persistence/hibernate-jpa-2.1-api/1.0.0.Final/hibernate-jpa-2.1-api-1.0.0.Final.jar:/Users/prath/.m2/repository/org/javassist/javassist/3.20.0-GA/javassist-3.20.0-GA.jar:/Users/prath/.m2/repository/org/jboss/spec/javax/transaction/jboss-transaction-api_1.2_spec/1.0.1.Final/jboss-transaction-api_1.2_spec-1.0.1.Final.jar:/Users/prath/.m2/repository/org/jboss/jandex/2.0.3.Final/jandex-2.0.3.Final.jar:/Users/prath/.m2/repository/dom4j/dom4j/1.6.1/dom4j-1.6.1.jar:/Users/prath/.m2/repository/org/hibernate/common/hibernate-commons-annotations/5.0.1.Final/hibernate-commons-annotations-5.0.1.Final.jar:/Users/prath/.m2/repository/net/sf/opencsv/opencsv/2.3/opencsv-2.3.jar:/Users/prath/.m2/repository/org/apache/hadoop/hadoop-auth/2.8.1/hadoop-auth-2.8.1.jar:/Users/prath/.m2/repository/com/nimbusds/nimbus-jose-jwt/3.9/nimbus-jose-jwt-3.9.jar:/Users/prath/.m2/repository/net/minidev/json-smart/1.1.1/json-smart-1.1.1.jar:/Users/prath/.m2/repository/org/apache/directory/server/apacheds-kerberos-codec/2.0.0-M15/apacheds-kerberos-codec-2.0.0-M15.jar:/Users/prath/.m2/repository/org/apache/directory/server/apacheds-i18n/2.0.0-M15/apacheds-i18n-2.0.0-M15.jar:/Users/prath/.m2/repository/org/apache/directory/api/api-asn1-api/1.0.0-M20/api-asn1-api-1.0.0-M20.jar:/Users/prath/.m2/repository/org/apache/directory/api/api-util/1.0.0-M20/api-util-1.0.0-M20.jar:/Users/prath/.m2/repository/org/apache/zookeeper/zookeeper/3.4.6/zookeeper-3.4.6.jar:/Users/prath/.m2/repository/jline/jline/0.9.94/jline-0.9.94.jar:/Users/prath/.m2/repository/io/netty/netty/3.7.0.Final/netty-3.7.0.Final.jar:/Users/prath/.m2/repository/org/apache/curator/curator-framework/2.7.1/curator-framework-2.7.1.jar:/Users/prath/.m2/repository/org/apache/hadoop/hadoop-hdfs/2.8.1/hadoop-hdfs-2.8.1.jar:/Users/prath/.m2/repository/org/apache/hadoop/hadoop-hdfs-client/2.8.1/hadoop-hdfs-client-2.8.1.jar:/Users/prath/.m2/repository/com/squareup/okhttp/okhttp/2.4.0/okhttp-2.4.0.jar:/Users/prath/.m2/repository/com/squareup/okio/okio/1.4.0/okio-1.4.0.jar:/Users/prath/.m2/repository/org/mortbay/jetty/jetty/6.1.26/jetty-6.1.26.jar:/Users/prath/.m2/repository/org/mortbay/jetty/jetty-util/6.1.26/jetty-util-6.1.26.jar:/Users/prath/.m2/repository/com/sun/jersey/jersey-core/1.9/jersey-core-1.9.jar:/Users/prath/.m2/repository/commons-cli/commons-cli/1.2/commons-cli-1.2.jar:/Users/prath/.m2/repository/commons-lang/commons-lang/2.6/commons-lang-2.6.jar:/Users/prath/.m2/repository/commons-daemon/commons-daemon/1.0.13/commons-daemon-1.0.13.jar:/Users/prath/.m2/repository/com/google/protobuf/protobuf-java/2.5.0/protobuf-java-2.5.0.jar:/Users/prath/.m2/repository/org/codehaus/jackson/jackson-core-asl/1.9.13/jackson-core-asl-1.9.13.jar:/Users/prath/.m2/repository/org/codehaus/jackson/jackson-mapper-asl/1.9.13/jackson-mapper-asl-1.9.13.jar:/Users/prath/.m2/repository/xmlenc/xmlenc/0.52/xmlenc-0.52.jar:/Users/prath/.m2/repository/io/netty/netty-all/4.0.23.Final/netty-all-4.0.23.Final.jar:/Users/prath/.m2/repository/xerces/xercesImpl/2.9.1/xercesImpl-2.9.1.jar:/Users/prath/.m2/repository/org/apache/htrace/htrace-core4/4.0.1-incubating/htrace-core4-4.0.1-incubating.jar:/Users/prath/.m2/repository/org/fusesource/leveldbjni/leveldbjni-all/1.8/leveldbjni-all-1.8.jar:/Users/prath/.m2/repository/org/apache/oozie/oozie-client/4.3.0/oozie-client-4.3.0.jar:/Users/prath/.m2/repository/com/googlecode/json-simple/json-simple/1.1/json-simple-1.1.jar:/Users/prath/.m2/repository/org/apache/activemq/activemq-client/5.13.3/activemq-client-5.13.3.jar:/Users/prath/.m2/repository/org/apache/geronimo/specs/geronimo-jms_1.1_spec/1.1.1/geronimo-jms_1.1_spec-1.1.1.jar:/Users/prath/.m2/repository/org/fusesource/hawtbuf/hawtbuf/1.11/hawtbuf-1.11.jar:/Users/prath/.m2/repository/org/apache/geronimo/specs/geronimo-j2ee-management_1.1_spec/1.0.1/geronimo-j2ee-management_1.1_spec-1.0.1.jar:/Users/prath/.m2/repository/org/apache/oozie/oozie-hadoop-auth/hadoop-2-4.3.0/oozie-hadoop-auth-hadoop-2-4.3.0.jar:/Users/prath/.m2/repository/com/github/seqware/seqware-meta-db/2.0.2/seqware-meta-db-2.0.2.jar:/Users/prath/.m2/repository/org/slf4j/slf4j-api/1.7.25/slf4j-api-1.7.25.jar:/Users/prath/.m2/repository/xml-apis/xml-apis/1.4.01/xml-apis-1.4.01.jar:/Users/prath/.m2/repository/org/apache/commons/commons-lang3/3.4/commons-lang3-3.4.jar:/Users/prath/.m2/repository/com/google/guava/guava/23.0/guava-23.0.jar:/Users/prath/.m2/repository/com/google/code/findbugs/jsr305/1.3.9/jsr305-1.3.9.jar:/Users/prath/.m2/repository/com/google/errorprone/error_prone_annotations/2.0.18/error_prone_annotations-2.0.18.jar:/Users/prath/.m2/repository/com/google/j2objc/j2objc-annotations/1.1/j2objc-annotations-1.1.jar:/Users/prath/.m2/repository/org/codehaus/mojo/animal-sniffer-annotations/1.14/animal-sniffer-annotations-1.14.jar:/Users/prath/.m2/repository/com/fasterxml/jackson/core/jackson-databind/2.9.8/jackson-databind-2.9.8.jar:/Users/prath/.m2/repository/com/fasterxml/jackson/core/jackson-annotations/2.9.8/jackson-annotations-2.9.8.jar:/Users/prath/.m2/repository/com/fasterxml/jackson/core/jackson-core/2.9.8/jackson-core-2.9.8.jar:/Users/prath/.m2/repository/commons-dbutils/commons-dbutils/1.6/commons-dbutils-1.6.jar:/Users/prath/.m2/repository/commons-logging/commons-logging/1.2/commons-logging-1.2.jar:/Users/prath/.m2/repository/org/apache/hadoop/hadoop-common/2.8.1/hadoop-common-2.8.1.jar:/Users/prath/.m2/repository/org/apache/hadoop/hadoop-annotations/2.8.1/hadoop-annotations-2.8.1.jar:/Library/Java/JavaVirtualMachines/jdk1.8.0_121.jdk/Contents/Home/jre/../lib/tools.jar:/Users/prath/.m2/repository/org/apache/commons/commons-math3/3.1.1/commons-math3-3.1.1.jar:/Users/prath/.m2/repository/commons-net/commons-net/3.1/commons-net-3.1.jar:/Users/prath/.m2/repository/javax/servlet/servlet-api/2.5/servlet-api-2.5.jar:/Users/prath/.m2/repository/org/mortbay/jetty/jetty-sslengine/6.1.26/jetty-sslengine-6.1.26.jar:/Users/prath/.m2/repository/javax/servlet/jsp/jsp-api/2.1/jsp-api-2.1.jar:/Users/prath/.m2/repository/org/apache/avro/avro/1.7.4/avro-1.7.4.jar:/Users/prath/.m2/repository/com/thoughtworks/paranamer/paranamer/2.3/paranamer-2.3.jar:/Users/prath/.m2/repository/org/xerial/snappy/snappy-java/1.0.4.1/snappy-java-1.0.4.1.jar:/Users/prath/.m2/repository/com/jcraft/jsch/0.1.51/jsch-0.1.51.jar:/Users/prath/.m2/repository/org/apache/curator/curator-client/2.7.1/curator-client-2.7.1.jar:/Users/prath/.m2/repository/org/apache/curator/curator-recipes/2.7.1/curator-recipes-2.7.1.jar:/Users/prath/.m2/repository/com/sun/jersey/jersey-client/1.19.1/jersey-client-1.19.1.jar:/Users/prath/.m2/repository/javax/validation/validation-api/1.1.0.Final/validation-api-1.1.0.Final.jar:/Users/prath/.m2/repository/com/h2database/h2/1.4.181/h2-1.4.181.jar:/Users/prath/.m2/repository/com/google/code/gson/gson/2.7/gson-2.7.jar:/Users/prath/.m2/repository/com/github/seqware/seqware-common/2.0.2/seqware-common-2.0.2.jar:/Users/prath/.m2/repository/org/slf4j/slf4j-log4j12/1.7.25/slf4j-log4j12-1.7.25.jar:/Users/prath/.m2/repository/org/slf4j/jul-to-slf4j/1.7.25/jul-to-slf4j-1.7.25.jar:/Users/prath/.m2/repository/org/slf4j/jcl-over-slf4j/1.7.25/jcl-over-slf4j-1.7.25.jar:/Users/prath/.m2/repository/org/restlet/jee/org.restlet.ext.slf4j/2.3.12/org.restlet.ext.slf4j-2.3.12.jar:/Users/prath/.m2/repository/org/restlet/jee/org.restlet.ext.jackson/2.3.12/org.restlet.ext.jackson-2.3.12.jar:/Users/prath/.m2/repository/com/fasterxml/jackson/dataformat/jackson-dataformat-csv/2.4.4/jackson-dataformat-csv-2.4.4.jar:/Users/prath/.m2/repository/com/fasterxml/jackson/dataformat/jackson-dataformat-smile/2.4.4/jackson-dataformat-smile-2.4.4.jar:/Users/prath/.m2/repository/com/fasterxml/jackson/dataformat/jackson-dataformat-xml/2.4.4/jackson-dataformat-xml-2.4.4.jar:/Users/prath/.m2/repository/com/fasterxml/jackson/dataformat/jackson-dataformat-yaml/2.4.4/jackson-dataformat-yaml-2.4.4.jar:/Users/prath/.m2/repository/com/fasterxml/jackson/module/jackson-module-jaxb-annotations/2.4.4/jackson-module-jaxb-annotations-2.4.4.jar:/Users/prath/.m2/repository/com/fasterxml/jackson/module/jackson-module-jsonSchema/2.4.4/jackson-module-jsonSchema-2.4.4.jar:/Users/prath/.m2/repository/org/codehaus/woodstox/woodstox-core-asl/4.3.0/woodstox-core-asl-4.3.0.jar:/Users/prath/.m2/repository/org/yaml/snakeyaml/1.13/snakeyaml-1.13.jar:/Users/prath/.m2/repository/org/restlet/jee/org.restlet.ext.xstream/2.3.12/org.restlet.ext.xstream-2.3.12.jar:/Users/prath/.m2/repository/org/codehaus/jettison/jettison/1.3.5/jettison-1.3.5.jar:/Users/prath/.m2/repository/org/restlet/jee/org.restlet/2.3.12/org.restlet-2.3.12.jar:/Users/prath/.m2/repository/org/restlet/jee/org.restlet.ext.xml/2.3.12/org.restlet.ext.xml-2.3.12.jar:/Users/prath/.m2/repository/org/restlet/jee/org.restlet.ext.httpclient/2.3.12/org.restlet.ext.httpclient-2.3.12.jar:/Users/prath/.m2/repository/net/jcip/jcip-annotations/1.0/jcip-annotations-1.0.jar:/Users/prath/.m2/repository/org/apache/james/apache-mime4j-core/0.7.2/apache-mime4j-core-0.7.2.jar:/Users/prath/.m2/repository/org/restlet/jee/org.restlet.ext.jsslutils/2.3.12/org.restlet.ext.jsslutils-2.3.12.jar:/Users/prath/.m2/repository/org/jsslutils/jsslutils/1.0.5/jsslutils-1.0.5.jar:/Users/prath/.m2/repository/org/apache/commons/commons-compress/1.12/commons-compress-1.12.jar:/Users/prath/.m2/repository/commons-beanutils/commons-beanutils/1.9.2/commons-beanutils-1.9.2.jar:/Users/prath/.m2/repository/org/springframework/spring-orm/5.0.0.RELEASE/spring-orm-5.0.0.RELEASE.jar:/Users/prath/.m2/repository/org/springframework/spring-jdbc/5.0.0.RELEASE/spring-jdbc-5.0.0.RELEASE.jar:/Users/prath/.m2/repository/org/springframework/spring-webmvc/5.0.0.RELEASE/spring-webmvc-5.0.0.RELEASE.jar:/Users/prath/.m2/repository/org/springframework/spring-expression/5.0.0.RELEASE/spring-expression-5.0.0.RELEASE.jar:/Users/prath/.m2/repository/org/springframework/spring-aop/5.0.0.RELEASE/spring-aop-5.0.0.RELEASE.jar:/Users/prath/.m2/repository/javax/transaction/jta/1.1/jta-1.1.jar:/Users/prath/.m2/repository/org/springframework/spring-test/5.0.5.RELEASE/spring-test-5.0.5.RELEASE.jar:/Users/prath/.m2/repository/org/codehaus/woodstox/stax2-api/3.1.4/stax2-api-3.1.4.jar:/Users/prath/.m2/repository/stax/stax-api/1.0.1/stax-api-1.0.1.jar:/Users/prath/.m2/repository/org/apache/tomcat/tomcat-dbcp/7.0.50/tomcat-dbcp-7.0.50.jar:/Users/prath/.m2/repository/com/thoughtworks/xstream/xstream/1.4.7/xstream-1.4.7.jar:/Users/prath/.m2/repository/xmlpull/xmlpull/1.1.3.1/xmlpull-1.1.3.1.jar:/Users/prath/.m2/repository/xpp3/xpp3_min/1.1.4c/xpp3_min-1.1.4c.jar:/Users/prath/.m2/repository/com/sdicons/jsontools/jsontools-core/1.7/jsontools-core-1.7.jar:/Users/prath/.m2/repository/org/springframework/spring-tx/5.0.0.RELEASE/spring-tx-5.0.0.RELEASE.jar:/Users/prath/.m2/repository/org/springframework/spring-context/5.0.0.RELEASE/spring-context-5.0.0.RELEASE.jar:/Users/prath/.m2/repository/org/springframework/spring-beans/5.0.0.RELEASE/spring-beans-5.0.0.RELEASE.jar:/Users/prath/.m2/repository/antlr/antlr/2.7.7/antlr-2.7.7.jar:/Users/prath/.m2/repository/org/springframework/spring-web/5.0.0.RELEASE/spring-web-5.0.0.RELEASE.jar:/Users/prath/.m2/repository/log4j/log4j/1.2.17/log4j-1.2.17.jar:/Users/prath/.m2/repository/joda-time/joda-time/2.9.3/joda-time-2.9.3.jar:/Users/prath/.m2/repository/joda-time/joda-time-hibernate/1.3/joda-time-hibernate-1.3.jar:/Users/prath/.m2/repository/ca/on/oicr/gsi/provenance-api/1.2.3/provenance-api-1.2.3.jar:/Users/prath/.m2/repository/commons-collections/commons-collections/3.2.2/commons-collections-3.2.2.jar:/Users/prath/.m2/repository/ca/on/oicr/gsi/pipedev-workflow-utils/2.4.8/pipedev-workflow-utils-2.4.8.jar:/Users/prath/.m2/repository/ca/on/oicr/pde/tools/common/1.2.1/common-1.2.1.jar:/Users/prath/.m2/repository/org/apache/jena/jena-tdb/1.1.2/jena-tdb-1.1.2.jar:/Users/prath/.m2/repository/org/apache/jena/jena-arq/2.13.0/jena-arq-2.13.0.jar:/Users/prath/.m2/repository/com/github/jsonld-java/jsonld-java/0.5.1/jsonld-java-0.5.1.jar:/Users/prath/.m2/repository/org/apache/httpcomponents/httpclient-cache/4.2.6/httpclient-cache-4.2.6.jar:/Users/prath/.m2/repository/org/apache/thrift/libthrift/0.9.2/libthrift-0.9.2.jar:/Users/prath/.m2/repository/org/apache/jena/jena-core/2.13.0/jena-core-2.13.0.jar:/Users/prath/.m2/repository/org/apache/jena/jena-iri/1.1.2/jena-iri-1.1.2.jar:/Users/prath/.m2/repository/ca/on/oicr/gsi/pipedev-test-utils/2.4.8/pipedev-test-utils-2.4.8.jar:/Users/prath/.m2/repository/org/apache/commons/commons-csv/1.4/commons-csv-1.4.jar:/Users/prath/.m2/repository/com/jcabi/jcabi-manifests/1.1/jcabi-manifests-1.1.jar:/Users/prath/.m2/repository/com/jcabi/jcabi-log/0.14/jcabi-log-0.14.jar:/Users/prath/.m2/repository/de/danielbechler/java-object-diff/0.94/java-object-diff-0.94.jar:/Users/prath/.m2/repository/org/apache/logging/log4j/log4j-api/2.6.2/log4j-api-2.6.2.jar:/Users/prath/.m2/repository/org/apache/logging/log4j/log4j-core/2.6.2/log4j-core-2.6.2.jar:/Users/prath/.m2/repository/org/eclipse/jetty/jetty-server/9.4.14.v20181114/jetty-server-9.4.14.v20181114.jar:/Users/prath/.m2/repository/javax/servlet/javax.servlet-api/3.1.0/javax.servlet-api-3.1.0.jar:/Users/prath/.m2/repository/org/eclipse/jetty/jetty-http/9.4.14.v20181114/jetty-http-9.4.14.v20181114.jar:/Users/prath/.m2/repository/org/eclipse/jetty/jetty-io/9.4.14.v20181114/jetty-io-9.4.14.v20181114.jar:/Users/prath/.m2/repository/org/eclipse/jetty/jetty-webapp/9.4.14.v20181114/jetty-webapp-9.4.14.v20181114.jar:/Users/prath/.m2/repository/org/eclipse/jetty/jetty-xml/9.4.14.v20181114/jetty-xml-9.4.14.v20181114.jar:/Users/prath/.m2/repository/org/eclipse/jetty/jetty-servlet/9.4.14.v20181114/jetty-servlet-9.4.14.v20181114.jar:/Users/prath/.m2/repository/org/eclipse/jetty/jetty-security/9.4.14.v20181114/jetty-security-9.4.14.v20181114.jar:/Users/prath/.m2/repository/org/eclipse/jetty/jetty-jndi/9.4.14.v20181114/jetty-jndi-9.4.14.v20181114.jar:/Users/prath/.m2/repository/org/eclipse/jetty/jetty-util/9.4.14.v20181114/jetty-util-9.4.14.v20181114.jar:/Users/prath/.m2/repository/org/hibernate/hibernate-validator/5.2.4.Final/hibernate-validator-5.2.4.Final.jar:/Users/prath/.m2/repository/com/fasterxml/classmate/1.1.0/classmate-1.1.0.jar:/Users/prath/.m2/repository/org/postgresql/postgresql/9.4-1201-jdbc41/postgresql-9.4-1201-jdbc41.jar:/Users/prath/.m2/repository/org/apache/tomcat/tomcat-jdbc/8.0.17/tomcat-jdbc-8.0.17.jar:/Users/prath/.m2/repository/org/apache/tomcat/tomcat-juli/8.0.17/tomcat-juli-8.0.17.jar:/Users/prath/.m2/repository/commons-configuration/commons-configuration/1.10/commons-configuration-1.10.jar:/Users/prath/.m2/repository/org/powermock/powermock-api-mockito/1.6.2/powermock-api-mockito-1.6.2.jar:/Users/prath/.m2/repository/org/mockito/mockito-all/1.10.19/mockito-all-1.10.19.jar:/Users/prath/.m2/repository/org/powermock/powermock-api-support/1.6.2/powermock-api-support-1.6.2.jar:/Users/prath/.m2/repository/org/powermock/powermock-core/1.6.2/powermock-core-1.6.2.jar:/Users/prath/.m2/repository/org/powermock/powermock-reflect/1.6.2/powermock-reflect-1.6.2.jar:/Users/prath/.m2/repository/org/objenesis/objenesis/2.1/objenesis-2.1.jar:/Users/prath/.m2/repository/org/unitils/unitils-core/3.4.2/unitils-core-3.4.2.jar:/Users/prath/.m2/repository/junit/junit/4.12/junit-4.12.jar:/Users/prath/.m2/repository/org/hamcrest/hamcrest-core/1.3/hamcrest-core-1.3.jar:/Users/prath/.m2/repository/ognl/ognl/2.6.9/ognl-2.6.9.jar:/Users/prath/.m2/repository/ca/on/oicr/gsi/pipedev-provenance-impl/2.4.8/pipedev-provenance-impl-2.4.8.jar:/Users/prath/.m2/repository/ca/on/oicr/gsi/provenance-core/1.2.3/provenance-core-1.2.3.jar:/Users/prath/.m2/repository/ca/on/oicr/pinery-client/2.4.3/pinery-client-2.4.3.jar:/Users/prath/.m2/repository/ca/on/oicr/pinery-ws-dto/2.4.3/pinery-ws-dto-2.4.3.jar:/Users/prath/.m2/repository/ca/on/oicr/pinery-api/2.4.3/pinery-api-2.4.3.jar:/Users/prath/.m2/repository/org/jboss/resteasy/resteasy-jaxrs/3.0.13.Final/resteasy-jaxrs-3.0.13.Final.jar:/Users/prath/.m2/repository/org/jboss/spec/javax/ws/rs/jboss-jaxrs-api_2.0_spec/1.0.0.Final/jboss-jaxrs-api_2.0_spec-1.0.0.Final.jar:/Users/prath/.m2/repository/org/jboss/spec/javax/annotation/jboss-annotations-api_1.2_spec/1.0.0.Final/jboss-annotations-api_1.2_spec-1.0.0.Final.jar:/Users/prath/.m2/repository/org/jboss/resteasy/resteasy-client/3.0.13.Final/resteasy-client-3.0.13.Final.jar:/Users/prath/.m2/repository/org/jboss/resteasy/resteasy-jackson2-provider/3.0.13.Final/resteasy-jackson2-provider-3.0.13.Final.jar:/Users/prath/.m2/repository/com/fasterxml/jackson/jaxrs/jackson-jaxrs-json-provider/2.4.1/jackson-jaxrs-json-provider-2.4.1.jar:/Users/prath/.m2/repository/com/fasterxml/jackson/jaxrs/jackson-jaxrs-base/2.4.1/jackson-jaxrs-base-2.4.1.jar:/Users/prath/.m2/repository/com/fasterxml/jackson/datatype/jackson-datatype-jsr310/2.9.7/jackson-datatype-jsr310-2.9.7.jar:/Users/prath/.m2/repository/org/assertj/assertj-core/2.8.0/assertj-core-2.8.0.jar:/Users/prath/.m2/repository/org/testng/testng/6.8.17/testng-6.8.17.jar:/Users/prath/.m2/repository/org/beanshell/bsh/2.0b4/bsh-2.0b4.jar:/Users/prath/.m2/repository/com/beust/jcommander/1.27/jcommander-1.27.jar:/Users/prath/.m2/repository/org/apache/maven/surefire/surefire-testng-utils/2.21.0/surefire-testng-utils-2.21.0.jar:/Users/prath/.m2/repository/org/apache/maven/surefire/surefire-grouper/2.21.0/surefire-grouper-2.21.0.jar:/Users/prath/.m2/repository/org/apache/maven/surefire/surefire-testng/2.21.0/surefire-testng-2.21.0.jar:/Users/prath/.m2/repository/org/apache/maven/surefire/common-java5/2.21.0/common-java5-2.21.0.jar"/>
    <property name="java.vm.vendor" value="Oracle Corporation"/>
    <property name="sun.arch.data.model" value="64"/>
    <property name="java.vendor.url" value="http://java.oracle.com/"/>
    <property name="user.timezone" value=""/>
    <property name="java.vm.specification.version" value="1.8"/>
    <property name="os.name" value="Mac OS X"/>
    <property name="sun.java.launcher" value="SUN_STANDARD"/>
    <property name="user.country" value="US"/>
    <property name="bundleDirectory" value="/Users/prath/repo/sWG-Pipe/workflow-sWG-pipe/target/Workflow_Bundle_sWG-pipe_1.0_SeqWare_2.0.2/Workflow_Bundle_sWG-pipe/1.0"/>
    <property name="sun.boot.library.path" value="/Library/Java/JavaVirtualMachines/jdk1.8.0_121.jdk/Contents/Home/jre/lib"/>
    <property name="sun.java.command" value="org.apache.maven.surefire.booter.ForkedBooter /Users/prath/repo/sWG-Pipe/workflow-sWG-pipe/target/surefire 2019-05-28T15-51-23_980-jvmRun1 surefire1257353792675284739tmp surefire_01698469385270648181tmp"/>
    <property name="http.nonProxyHosts" value="local|*.local|169.254/16|*.169.254/16"/>
    <property name="surefire.test.class.path" value="/Users/prath/repo/sWG-Pipe/workflow-sWG-pipe/target/test-classes:/Users/prath/repo/sWG-Pipe/workflow-sWG-pipe/target/classes:/Users/prath/.m2/repository/com/github/seqware/seqware-pipeline/2.0.2/seqware-pipeline-2.0.2.jar:/Users/prath/.m2/repository/org/apache/httpcomponents/httpcore/4.4.8/httpcore-4.4.8.jar:/Users/prath/.m2/repository/org/apache/commons/commons-exec/1.3/commons-exec-1.3.jar:/Users/prath/.m2/repository/com/github/seqware/seqware-admin-webservice/2.0.2/seqware-admin-webservice-2.0.2-classes.jar:/Users/prath/.m2/repository/com/sun/jersey/jersey-json/1.19.1/jersey-json-1.19.1.jar:/Users/prath/.m2/repository/javax/ws/rs/jsr311-api/1.1.1/jsr311-api-1.1.1.jar:/Users/prath/.m2/repository/javax/xml/bind/jaxb-api/2.2.2/jaxb-api-2.2.2.jar:/Users/prath/.m2/repository/javax/xml/stream/stax-api/1.0-2/stax-api-1.0-2.jar:/Users/prath/.m2/repository/javax/activation/activation/1.1/activation-1.1.jar:/Users/prath/.m2/repository/com/sun/xml/bind/jaxb-impl/2.2.3-1/jaxb-impl-2.2.3-1.jar:/Users/prath/.m2/repository/com/sun/jersey/jersey-servlet/1.11.1/jersey-servlet-1.11.1.jar:/Users/prath/.m2/repository/com/sun/jersey/jersey-server/1.11.1/jersey-server-1.11.1.jar:/Users/prath/.m2/repository/asm/asm/3.3.1/asm-3.3.1.jar:/Users/prath/.m2/repository/org/springframework/spring-core/5.0.0.RELEASE/spring-core-5.0.0.RELEASE.jar:/Users/prath/.m2/repository/org/springframework/spring-jcl/5.0.0.RELEASE/spring-jcl-5.0.0.RELEASE.jar:/Users/prath/.m2/repository/org/jdom/jdom/1.1/jdom-1.1.jar:/Users/prath/.m2/repository/org/apache/httpcomponents/httpclient/4.5.2/httpclient-4.5.2.jar:/Users/prath/.m2/repository/net/sf/jopt-simple/jopt-simple/5.0.1/jopt-simple-5.0.1.jar:/Users/prath/.m2/repository/commons-codec/commons-codec/1.9/commons-codec-1.9.jar:/Users/prath/.m2/repository/com/amazonaws/aws-java-sdk-s3/1.11.15/aws-java-sdk-s3-1.11.15.jar:/Users/prath/.m2/repository/com/amazonaws/aws-java-sdk-kms/1.11.15/aws-java-sdk-kms-1.11.15.jar:/Users/prath/.m2/repository/com/amazonaws/aws-java-sdk-core/1.11.15/aws-java-sdk-core-1.11.15.jar:/Users/prath/.m2/repository/com/fasterxml/jackson/dataformat/jackson-dataformat-cbor/2.6.6/jackson-dataformat-cbor-2.6.6.jar:/Users/prath/.m2/repository/org/netbeans/api/org-openide-util-lookup/RELEASE701/org-openide-util-lookup-RELEASE701.jar:/Users/prath/.m2/repository/commons-io/commons-io/2.4/commons-io-2.4.jar:/Users/prath/.m2/repository/de/huxhorn/lilith/de.huxhorn.lilith.3rdparty.junique/1.0.2/de.huxhorn.lilith.3rdparty.junique-1.0.2.jar:/Users/prath/.m2/repository/org/hibernate/hibernate-java8/5.2.11.Final/hibernate-java8-5.2.11.Final.jar:/Users/prath/.m2/repository/org/jboss/logging/jboss-logging/3.3.0.Final/jboss-logging-3.3.0.Final.jar:/Users/prath/.m2/repository/org/hibernate/hibernate-core/5.2.11.Final/hibernate-core-5.2.11.Final.jar:/Users/prath/.m2/repository/org/hibernate/javax/persistence/hibernate-jpa-2.1-api/1.0.0.Final/hibernate-jpa-2.1-api-1.0.0.Final.jar:/Users/prath/.m2/repository/org/javassist/javassist/3.20.0-GA/javassist-3.20.0-GA.jar:/Users/prath/.m2/repository/org/jboss/spec/javax/transaction/jboss-transaction-api_1.2_spec/1.0.1.Final/jboss-transaction-api_1.2_spec-1.0.1.Final.jar:/Users/prath/.m2/repository/org/jboss/jandex/2.0.3.Final/jandex-2.0.3.Final.jar:/Users/prath/.m2/repository/dom4j/dom4j/1.6.1/dom4j-1.6.1.jar:/Users/prath/.m2/repository/org/hibernate/common/hibernate-commons-annotations/5.0.1.Final/hibernate-commons-annotations-5.0.1.Final.jar:/Users/prath/.m2/repository/net/sf/opencsv/opencsv/2.3/opencsv-2.3.jar:/Users/prath/.m2/repository/org/apache/hadoop/hadoop-auth/2.8.1/hadoop-auth-2.8.1.jar:/Users/prath/.m2/repository/com/nimbusds/nimbus-jose-jwt/3.9/nimbus-jose-jwt-3.9.jar:/Users/prath/.m2/repository/net/minidev/json-smart/1.1.1/json-smart-1.1.1.jar:/Users/prath/.m2/repository/org/apache/directory/server/apacheds-kerberos-codec/2.0.0-M15/apacheds-kerberos-codec-2.0.0-M15.jar:/Users/prath/.m2/repository/org/apache/directory/server/apacheds-i18n/2.0.0-M15/apacheds-i18n-2.0.0-M15.jar:/Users/prath/.m2/repository/org/apache/directory/api/api-asn1-api/1.0.0-M20/api-asn1-api-1.0.0-M20.jar:/Users/prath/.m2/repository/org/apache/directory/api/api-util/1.0.0-M20/api-util-1.0.0-M20.jar:/Users/prath/.m2/repository/org/apache/zookeeper/zookeeper/3.4.6/zookeeper-3.4.6.jar:/Users/prath/.m2/repository/jline/jline/0.9.94/jline-0.9.94.jar:/Users/prath/.m2/repository/io/netty/netty/3.7.0.Final/netty-3.7.0.Final.jar:/Users/prath/.m2/repository/org/apache/curator/curator-framework/2.7.1/curator-framework-2.7.1.jar:/Users/prath/.m2/repository/org/apache/hadoop/hadoop-hdfs/2.8.1/hadoop-hdfs-2.8.1.jar:/Users/prath/.m2/repository/org/apache/hadoop/hadoop-hdfs-client/2.8.1/hadoop-hdfs-client-2.8.1.jar:/Users/prath/.m2/repository/com/squareup/okhttp/okhttp/2.4.0/okhttp-2.4.0.jar:/Users/prath/.m2/repository/com/squareup/okio/okio/1.4.0/okio-1.4.0.jar:/Users/prath/.m2/repository/org/mortbay/jetty/jetty/6.1.26/jetty-6.1.26.jar:/Users/prath/.m2/repository/org/mortbay/jetty/jetty-util/6.1.26/jetty-util-6.1.26.jar:/Users/prath/.m2/repository/com/sun/jersey/jersey-core/1.9/jersey-core-1.9.jar:/Users/prath/.m2/repository/commons-cli/commons-cli/1.2/commons-cli-1.2.jar:/Users/prath/.m2/repository/commons-lang/commons-lang/2.6/commons-lang-2.6.jar:/Users/prath/.m2/repository/commons-daemon/commons-daemon/1.0.13/commons-daemon-1.0.13.jar:/Users/prath/.m2/repository/com/google/protobuf/protobuf-java/2.5.0/protobuf-java-2.5.0.jar:/Users/prath/.m2/repository/org/codehaus/jackson/jackson-core-asl/1.9.13/jackson-core-asl-1.9.13.jar:/Users/prath/.m2/repository/org/codehaus/jackson/jackson-mapper-asl/1.9.13/jackson-mapper-asl-1.9.13.jar:/Users/prath/.m2/repository/xmlenc/xmlenc/0.52/xmlenc-0.52.jar:/Users/prath/.m2/repository/io/netty/netty-all/4.0.23.Final/netty-all-4.0.23.Final.jar:/Users/prath/.m2/repository/xerces/xercesImpl/2.9.1/xercesImpl-2.9.1.jar:/Users/prath/.m2/repository/org/apache/htrace/htrace-core4/4.0.1-incubating/htrace-core4-4.0.1-incubating.jar:/Users/prath/.m2/repository/org/fusesource/leveldbjni/leveldbjni-all/1.8/leveldbjni-all-1.8.jar:/Users/prath/.m2/repository/org/apache/oozie/oozie-client/4.3.0/oozie-client-4.3.0.jar:/Users/prath/.m2/repository/com/googlecode/json-simple/json-simple/1.1/json-simple-1.1.jar:/Users/prath/.m2/repository/org/apache/activemq/activemq-client/5.13.3/activemq-client-5.13.3.jar:/Users/prath/.m2/repository/org/apache/geronimo/specs/geronimo-jms_1.1_spec/1.1.1/geronimo-jms_1.1_spec-1.1.1.jar:/Users/prath/.m2/repository/org/fusesource/hawtbuf/hawtbuf/1.11/hawtbuf-1.11.jar:/Users/prath/.m2/repository/org/apache/geronimo/specs/geronimo-j2ee-management_1.1_spec/1.0.1/geronimo-j2ee-management_1.1_spec-1.0.1.jar:/Users/prath/.m2/repository/org/apache/oozie/oozie-hadoop-auth/hadoop-2-4.3.0/oozie-hadoop-auth-hadoop-2-4.3.0.jar:/Users/prath/.m2/repository/com/github/seqware/seqware-meta-db/2.0.2/seqware-meta-db-2.0.2.jar:/Users/prath/.m2/repository/org/slf4j/slf4j-api/1.7.25/slf4j-api-1.7.25.jar:/Users/prath/.m2/repository/xml-apis/xml-apis/1.4.01/xml-apis-1.4.01.jar:/Users/prath/.m2/repository/org/apache/commons/commons-lang3/3.4/commons-lang3-3.4.jar:/Users/prath/.m2/repository/com/google/guava/guava/23.0/guava-23.0.jar:/Users/prath/.m2/repository/com/google/code/findbugs/jsr305/1.3.9/jsr305-1.3.9.jar:/Users/prath/.m2/repository/com/google/errorprone/error_prone_annotations/2.0.18/error_prone_annotations-2.0.18.jar:/Users/prath/.m2/repository/com/google/j2objc/j2objc-annotations/1.1/j2objc-annotations-1.1.jar:/Users/prath/.m2/repository/org/codehaus/mojo/animal-sniffer-annotations/1.14/animal-sniffer-annotations-1.14.jar:/Users/prath/.m2/repository/com/fasterxml/jackson/core/jackson-databind/2.9.8/jackson-databind-2.9.8.jar:/Users/prath/.m2/repository/com/fasterxml/jackson/core/jackson-annotations/2.9.8/jackson-annotations-2.9.8.jar:/Users/prath/.m2/repository/com/fasterxml/jackson/core/jackson-core/2.9.8/jackson-core-2.9.8.jar:/Users/prath/.m2/repository/commons-dbutils/commons-dbutils/1.6/commons-dbutils-1.6.jar:/Users/prath/.m2/repository/commons-logging/commons-logging/1.2/commons-logging-1.2.jar:/Users/prath/.m2/repository/org/apache/hadoop/hadoop-common/2.8.1/hadoop-common-2.8.1.jar:/Users/prath/.m2/repository/org/apache/hadoop/hadoop-annotations/2.8.1/hadoop-annotations-2.8.1.jar:/Library/Java/JavaVirtualMachines/jdk1.8.0_121.jdk/Contents/Home/jre/../lib/tools.jar:/Users/prath/.m2/repository/org/apache/commons/commons-math3/3.1.1/commons-math3-3.1.1.jar:/Users/prath/.m2/repository/commons-net/commons-net/3.1/commons-net-3.1.jar:/Users/prath/.m2/repository/javax/servlet/servlet-api/2.5/servlet-api-2.5.jar:/Users/prath/.m2/repository/org/mortbay/jetty/jetty-sslengine/6.1.26/jetty-sslengine-6.1.26.jar:/Users/prath/.m2/repository/javax/servlet/jsp/jsp-api/2.1/jsp-api-2.1.jar:/Users/prath/.m2/repository/org/apache/avro/avro/1.7.4/avro-1.7.4.jar:/Users/prath/.m2/repository/com/thoughtworks/paranamer/paranamer/2.3/paranamer-2.3.jar:/Users/prath/.m2/repository/org/xerial/snappy/snappy-java/1.0.4.1/snappy-java-1.0.4.1.jar:/Users/prath/.m2/repository/com/jcraft/jsch/0.1.51/jsch-0.1.51.jar:/Users/prath/.m2/repository/org/apache/curator/curator-client/2.7.1/curator-client-2.7.1.jar:/Users/prath/.m2/repository/org/apache/curator/curator-recipes/2.7.1/curator-recipes-2.7.1.jar:/Users/prath/.m2/repository/com/sun/jersey/jersey-client/1.19.1/jersey-client-1.19.1.jar:/Users/prath/.m2/repository/javax/validation/validation-api/1.1.0.Final/validation-api-1.1.0.Final.jar:/Users/prath/.m2/repository/com/h2database/h2/1.4.181/h2-1.4.181.jar:/Users/prath/.m2/repository/com/google/code/gson/gson/2.7/gson-2.7.jar:/Users/prath/.m2/repository/com/github/seqware/seqware-common/2.0.2/seqware-common-2.0.2.jar:/Users/prath/.m2/repository/org/slf4j/slf4j-log4j12/1.7.25/slf4j-log4j12-1.7.25.jar:/Users/prath/.m2/repository/org/slf4j/jul-to-slf4j/1.7.25/jul-to-slf4j-1.7.25.jar:/Users/prath/.m2/repository/org/slf4j/jcl-over-slf4j/1.7.25/jcl-over-slf4j-1.7.25.jar:/Users/prath/.m2/repository/org/restlet/jee/org.restlet.ext.slf4j/2.3.12/org.restlet.ext.slf4j-2.3.12.jar:/Users/prath/.m2/repository/org/restlet/jee/org.restlet.ext.jackson/2.3.12/org.restlet.ext.jackson-2.3.12.jar:/Users/prath/.m2/repository/com/fasterxml/jackson/dataformat/jackson-dataformat-csv/2.4.4/jackson-dataformat-csv-2.4.4.jar:/Users/prath/.m2/repository/com/fasterxml/jackson/dataformat/jackson-dataformat-smile/2.4.4/jackson-dataformat-smile-2.4.4.jar:/Users/prath/.m2/repository/com/fasterxml/jackson/dataformat/jackson-dataformat-xml/2.4.4/jackson-dataformat-xml-2.4.4.jar:/Users/prath/.m2/repository/com/fasterxml/jackson/dataformat/jackson-dataformat-yaml/2.4.4/jackson-dataformat-yaml-2.4.4.jar:/Users/prath/.m2/repository/com/fasterxml/jackson/module/jackson-module-jaxb-annotations/2.4.4/jackson-module-jaxb-annotations-2.4.4.jar:/Users/prath/.m2/repository/com/fasterxml/jackson/module/jackson-module-jsonSchema/2.4.4/jackson-module-jsonSchema-2.4.4.jar:/Users/prath/.m2/repository/org/codehaus/woodstox/woodstox-core-asl/4.3.0/woodstox-core-asl-4.3.0.jar:/Users/prath/.m2/repository/org/yaml/snakeyaml/1.13/snakeyaml-1.13.jar:/Users/prath/.m2/repository/org/restlet/jee/org.restlet.ext.xstream/2.3.12/org.restlet.ext.xstream-2.3.12.jar:/Users/prath/.m2/repository/org/codehaus/jettison/jettison/1.3.5/jettison-1.3.5.jar:/Users/prath/.m2/repository/org/restlet/jee/org.restlet/2.3.12/org.restlet-2.3.12.jar:/Users/prath/.m2/repository/org/restlet/jee/org.restlet.ext.xml/2.3.12/org.restlet.ext.xml-2.3.12.jar:/Users/prath/.m2/repository/org/restlet/jee/org.restlet.ext.httpclient/2.3.12/org.restlet.ext.httpclient-2.3.12.jar:/Users/prath/.m2/repository/net/jcip/jcip-annotations/1.0/jcip-annotations-1.0.jar:/Users/prath/.m2/repository/org/apache/james/apache-mime4j-core/0.7.2/apache-mime4j-core-0.7.2.jar:/Users/prath/.m2/repository/org/restlet/jee/org.restlet.ext.jsslutils/2.3.12/org.restlet.ext.jsslutils-2.3.12.jar:/Users/prath/.m2/repository/org/jsslutils/jsslutils/1.0.5/jsslutils-1.0.5.jar:/Users/prath/.m2/repository/org/apache/commons/commons-compress/1.12/commons-compress-1.12.jar:/Users/prath/.m2/repository/commons-beanutils/commons-beanutils/1.9.2/commons-beanutils-1.9.2.jar:/Users/prath/.m2/repository/org/springframework/spring-orm/5.0.0.RELEASE/spring-orm-5.0.0.RELEASE.jar:/Users/prath/.m2/repository/org/springframework/spring-jdbc/5.0.0.RELEASE/spring-jdbc-5.0.0.RELEASE.jar:/Users/prath/.m2/repository/org/springframework/spring-webmvc/5.0.0.RELEASE/spring-webmvc-5.0.0.RELEASE.jar:/Users/prath/.m2/repository/org/springframework/spring-expression/5.0.0.RELEASE/spring-expression-5.0.0.RELEASE.jar:/Users/prath/.m2/repository/org/springframework/spring-aop/5.0.0.RELEASE/spring-aop-5.0.0.RELEASE.jar:/Users/prath/.m2/repository/javax/transaction/jta/1.1/jta-1.1.jar:/Users/prath/.m2/repository/org/springframework/spring-test/5.0.5.RELEASE/spring-test-5.0.5.RELEASE.jar:/Users/prath/.m2/repository/org/codehaus/woodstox/stax2-api/3.1.4/stax2-api-3.1.4.jar:/Users/prath/.m2/repository/stax/stax-api/1.0.1/stax-api-1.0.1.jar:/Users/prath/.m2/repository/org/apache/tomcat/tomcat-dbcp/7.0.50/tomcat-dbcp-7.0.50.jar:/Users/prath/.m2/repository/com/thoughtworks/xstream/xstream/1.4.7/xstream-1.4.7.jar:/Users/prath/.m2/repository/xmlpull/xmlpull/1.1.3.1/xmlpull-1.1.3.1.jar:/Users/prath/.m2/repository/xpp3/xpp3_min/1.1.4c/xpp3_min-1.1.4c.jar:/Users/prath/.m2/repository/com/sdicons/jsontools/jsontools-core/1.7/jsontools-core-1.7.jar:/Users/prath/.m2/repository/org/springframework/spring-tx/5.0.0.RELEASE/spring-tx-5.0.0.RELEASE.jar:/Users/prath/.m2/repository/org/springframework/spring-context/5.0.0.RELEASE/spring-context-5.0.0.RELEASE.jar:/Users/prath/.m2/repository/org/springframework/spring-beans/5.0.0.RELEASE/spring-beans-5.0.0.RELEASE.jar:/Users/prath/.m2/repository/antlr/antlr/2.7.7/antlr-2.7.7.jar:/Users/prath/.m2/repository/org/springframework/spring-web/5.0.0.RELEASE/spring-web-5.0.0.RELEASE.jar:/Users/prath/.m2/repository/log4j/log4j/1.2.17/log4j-1.2.17.jar:/Users/prath/.m2/repository/joda-time/joda-time/2.9.3/joda-time-2.9.3.jar:/Users/prath/.m2/repository/joda-time/joda-time-hibernate/1.3/joda-time-hibernate-1.3.jar:/Users/prath/.m2/repository/ca/on/oicr/gsi/provenance-api/1.2.3/provenance-api-1.2.3.jar:/Users/prath/.m2/repository/commons-collections/commons-collections/3.2.2/commons-collections-3.2.2.jar:/Users/prath/.m2/repository/ca/on/oicr/gsi/pipedev-workflow-utils/2.4.8/pipedev-workflow-utils-2.4.8.jar:/Users/prath/.m2/repository/ca/on/oicr/pde/tools/common/1.2.1/common-1.2.1.jar:/Users/prath/.m2/repository/org/apache/jena/jena-tdb/1.1.2/jena-tdb-1.1.2.jar:/Users/prath/.m2/repository/org/apache/jena/jena-arq/2.13.0/jena-arq-2.13.0.jar:/Users/prath/.m2/repository/com/github/jsonld-java/jsonld-java/0.5.1/jsonld-java-0.5.1.jar:/Users/prath/.m2/repository/org/apache/httpcomponents/httpclient-cache/4.2.6/httpclient-cache-4.2.6.jar:/Users/prath/.m2/repository/org/apache/thrift/libthrift/0.9.2/libthrift-0.9.2.jar:/Users/prath/.m2/repository/org/apache/jena/jena-core/2.13.0/jena-core-2.13.0.jar:/Users/prath/.m2/repository/org/apache/jena/jena-iri/1.1.2/jena-iri-1.1.2.jar:/Users/prath/.m2/repository/ca/on/oicr/gsi/pipedev-test-utils/2.4.8/pipedev-test-utils-2.4.8.jar:/Users/prath/.m2/repository/org/apache/commons/commons-csv/1.4/commons-csv-1.4.jar:/Users/prath/.m2/repository/com/jcabi/jcabi-manifests/1.1/jcabi-manifests-1.1.jar:/Users/prath/.m2/repository/com/jcabi/jcabi-log/0.14/jcabi-log-0.14.jar:/Users/prath/.m2/repository/de/danielbechler/java-object-diff/0.94/java-object-diff-0.94.jar:/Users/prath/.m2/repository/org/apache/logging/log4j/log4j-api/2.6.2/log4j-api-2.6.2.jar:/Users/prath/.m2/repository/org/apache/logging/log4j/log4j-core/2.6.2/log4j-core-2.6.2.jar:/Users/prath/.m2/repository/org/eclipse/jetty/jetty-server/9.4.14.v20181114/jetty-server-9.4.14.v20181114.jar:/Users/prath/.m2/repository/javax/servlet/javax.servlet-api/3.1.0/javax.servlet-api-3.1.0.jar:/Users/prath/.m2/repository/org/eclipse/jetty/jetty-http/9.4.14.v20181114/jetty-http-9.4.14.v20181114.jar:/Users/prath/.m2/repository/org/eclipse/jetty/jetty-io/9.4.14.v20181114/jetty-io-9.4.14.v20181114.jar:/Users/prath/.m2/repository/org/eclipse/jetty/jetty-webapp/9.4.14.v20181114/jetty-webapp-9.4.14.v20181114.jar:/Users/prath/.m2/repository/org/eclipse/jetty/jetty-xml/9.4.14.v20181114/jetty-xml-9.4.14.v20181114.jar:/Users/prath/.m2/repository/org/eclipse/jetty/jetty-servlet/9.4.14.v20181114/jetty-servlet-9.4.14.v20181114.jar:/Users/prath/.m2/repository/org/eclipse/jetty/jetty-security/9.4.14.v20181114/jetty-security-9.4.14.v20181114.jar:/Users/prath/.m2/repository/org/eclipse/jetty/jetty-jndi/9.4.14.v20181114/jetty-jndi-9.4.14.v20181114.jar:/Users/prath/.m2/repository/org/eclipse/jetty/jetty-util/9.4.14.v20181114/jetty-util-9.4.14.v20181114.jar:/Users/prath/.m2/repository/org/hibernate/hibernate-validator/5.2.4.Final/hibernate-validator-5.2.4.Final.jar:/Users/prath/.m2/repository/com/fasterxml/classmate/1.1.0/classmate-1.1.0.jar:/Users/prath/.m2/repository/org/postgresql/postgresql/9.4-1201-jdbc41/postgresql-9.4-1201-jdbc41.jar:/Users/prath/.m2/repository/org/apache/tomcat/tomcat-jdbc/8.0.17/tomcat-jdbc-8.0.17.jar:/Users/prath/.m2/repository/org/apache/tomcat/tomcat-juli/8.0.17/tomcat-juli-8.0.17.jar:/Users/prath/.m2/repository/commons-configuration/commons-configuration/1.10/commons-configuration-1.10.jar:/Users/prath/.m2/repository/org/powermock/powermock-api-mockito/1.6.2/powermock-api-mockito-1.6.2.jar:/Users/prath/.m2/repository/org/mockito/mockito-all/1.10.19/mockito-all-1.10.19.jar:/Users/prath/.m2/repository/org/powermock/powermock-api-support/1.6.2/powermock-api-support-1.6.2.jar:/Users/prath/.m2/repository/org/powermock/powermock-core/1.6.2/powermock-core-1.6.2.jar:/Users/prath/.m2/repository/org/powermock/powermock-reflect/1.6.2/powermock-reflect-1.6.2.jar:/Users/prath/.m2/repository/org/objenesis/objenesis/2.1/objenesis-2.1.jar:/Users/prath/.m2/repository/org/unitils/unitils-core/3.4.2/unitils-core-3.4.2.jar:/Users/prath/.m2/repository/junit/junit/4.12/junit-4.12.jar:/Users/prath/.m2/repository/org/hamcrest/hamcrest-core/1.3/hamcrest-core-1.3.jar:/Users/prath/.m2/repository/ognl/ognl/2.6.9/ognl-2.6.9.jar:/Users/prath/.m2/repository/ca/on/oicr/gsi/pipedev-provenance-impl/2.4.8/pipedev-provenance-impl-2.4.8.jar:/Users/prath/.m2/repository/ca/on/oicr/gsi/provenance-core/1.2.3/provenance-core-1.2.3.jar:/Users/prath/.m2/repository/ca/on/oicr/pinery-client/2.4.3/pinery-client-2.4.3.jar:/Users/prath/.m2/repository/ca/on/oicr/pinery-ws-dto/2.4.3/pinery-ws-dto-2.4.3.jar:/Users/prath/.m2/repository/ca/on/oicr/pinery-api/2.4.3/pinery-api-2.4.3.jar:/Users/prath/.m2/repository/org/jboss/resteasy/resteasy-jaxrs/3.0.13.Final/resteasy-jaxrs-3.0.13.Final.jar:/Users/prath/.m2/repository/org/jboss/spec/javax/ws/rs/jboss-jaxrs-api_2.0_spec/1.0.0.Final/jboss-jaxrs-api_2.0_spec-1.0.0.Final.jar:/Users/prath/.m2/repository/org/jboss/spec/javax/annotation/jboss-annotations-api_1.2_spec/1.0.0.Final/jboss-annotations-api_1.2_spec-1.0.0.Final.jar:/Users/prath/.m2/repository/org/jboss/resteasy/resteasy-client/3.0.13.Final/resteasy-client-3.0.13.Final.jar:/Users/prath/.m2/repository/org/jboss/resteasy/resteasy-jackson2-provider/3.0.13.Final/resteasy-jackson2-provider-3.0.13.Final.jar:/Users/prath/.m2/repository/com/fasterxml/jackson/jaxrs/jackson-jaxrs-json-provider/2.4.1/jackson-jaxrs-json-provider-2.4.1.jar:/Users/prath/.m2/repository/com/fasterxml/jackson/jaxrs/jackson-jaxrs-base/2.4.1/jackson-jaxrs-base-2.4.1.jar:/Users/prath/.m2/repository/com/fasterxml/jackson/datatype/jackson-datatype-jsr310/2.9.7/jackson-datatype-jsr310-2.9.7.jar:/Users/prath/.m2/repository/org/assertj/assertj-core/2.8.0/assertj-core-2.8.0.jar:/Users/prath/.m2/repository/org/testng/testng/6.8.17/testng-6.8.17.jar:/Users/prath/.m2/repository/org/beanshell/bsh/2.0b4/bsh-2.0b4.jar:/Users/prath/.m2/repository/com/beust/jcommander/1.27/jcommander-1.27.jar:/Users/prath/.m2/repository/org/apache/maven/surefire/surefire-testng-utils/2.21.0/surefire-testng-utils-2.21.0.jar:/Users/prath/.m2/repository/org/apache/maven/surefire/surefire-grouper/2.21.0/surefire-grouper-2.21.0.jar:"/>
    <property name="sun.cpu.endian" value="little"/>
    <property name="user.home" value="/Users/prath"/>
    <property name="user.language" value="en"/>
    <property name="java.specification.vendor" value="Oracle Corporation"/>
    <property name="java.home" value="/Library/Java/JavaVirtualMachines/jdk1.8.0_121.jdk/Contents/Home/jre"/>
    <property name="basedir" value="/Users/prath/repo/sWG-Pipe/workflow-sWG-pipe"/>
    <property name="file.separator" value="/"/>
    <property name="line.separator" value="&#10;"/>
    <property name="java.vm.specification.vendor" value="Oracle Corporation"/>
    <property name="java.specification.name" value="Java Platform API Specification"/>
    <property name="java.awt.graphicsenv" value="sun.awt.CGraphicsEnvironment"/>
    <property name="sun.boot.class.path" value="/Library/Java/JavaVirtualMachines/jdk1.8.0_121.jdk/Contents/Home/jre/lib/resources.jar:/Library/Java/JavaVirtualMachines/jdk1.8.0_121.jdk/Contents/Home/jre/lib/rt.jar:/Library/Java/JavaVirtualMachines/jdk1.8.0_121.jdk/Contents/Home/jre/lib/sunrsasign.jar:/Library/Java/JavaVirtualMachines/jdk1.8.0_121.jdk/Contents/Home/jre/lib/jsse.jar:/Library/Java/JavaVirtualMachines/jdk1.8.0_121.jdk/Contents/Home/jre/lib/jce.jar:/Library/Java/JavaVirtualMachines/jdk1.8.0_121.jdk/Contents/Home/jre/lib/charsets.jar:/Library/Java/JavaVirtualMachines/jdk1.8.0_121.jdk/Contents/Home/jre/lib/jfr.jar:/Library/Java/JavaVirtualMachines/jdk1.8.0_121.jdk/Contents/Home/jre/classes"/>
    <property name="sun.management.compiler" value="HotSpot 64-Bit Tiered Compilers"/>
    <property name="ftp.nonProxyHosts" value="local|*.local|169.254/16|*.169.254/16"/>
    <property name="java.runtime.version" value="1.8.0_121-b13"/>
    <property name="user.name" value="prath"/>
    <property name="path.separator" value=":"/>
    <property name="os.version" value="10.14.4"/>
    <property name="java.endorsed.dirs" value="/Library/Java/JavaVirtualMachines/jdk1.8.0_121.jdk/Contents/Home/jre/lib/endorsed"/>
    <property name="java.runtime.name" value="Java(TM) SE Runtime Environment"/>
    <property name="file.encoding" value="UTF-8"/>
    <property name="java.vm.name" value="Java HotSpot(TM) 64-Bit Server VM"/>
    <property name="maven.ext.class.path" value="/Applications/NetBeans/NetBeans 8.2.app/Contents/Resources/NetBeans/java/maven-nblib/netbeans-eventspy.jar"/>
    <property name="localRepository" value="/Users/prath/.m2/repository"/>
    <property name="java.vendor.url.bug" value="http://bugreport.sun.com/bugreport/"/>
    <property name="java.io.tmpdir" value="/var/folders/ms/2b025jvd6jn04yvhgjct3bjh0000gp/T/"/>
    <property name="java.version" value="1.8.0_121"/>
    <property name="user.dir" value="/Users/prath/repo/sWG-Pipe/workflow-sWG-pipe"/>
    <property name="os.arch" value="x86_64"/>
    <property name="java.vm.specification.name" value="Java Virtual Machine Specification"/>
    <property name="java.awt.printerjob" value="sun.lwawt.macosx.CPrinterJob"/>
    <property name="bundledBinPath" value="/Users/prath/repo/sWG-Pipe/workflow-sWG-pipe/target/Workflow_Bundle_sWG-pipe_1.0_SeqWare_2.0.2/Workflow_Bundle_sWG-pipe/1.0/bin/"/>
    <property name="sun.os.patch.level" value="unknown"/>
    <property name="java.library.path" value="/Users/prath/Library/Java/Extensions:/Library/Java/Extensions:/Network/Library/Java/Extensions:/System/Library/Java/Extensions:/usr/lib/java:."/>
    <property name="java.vm.info" value="mixed mode"/>
    <property name="java.vendor" value="Oracle Corporation"/>
    <property name="java.vm.version" value="25.121-b13"/>
    <property name="java.ext.dirs" value="/Users/prath/Library/Java/Extensions:/Library/Java/JavaVirtualMachines/jdk1.8.0_121.jdk/Contents/Home/jre/lib/ext:/Library/Java/Extensions:/Network/Library/Java/Extensions:/System/Library/Java/Extensions:/usr/lib/java"/>
    <property name="sun.io.unicode.encoding" value="UnicodeBig"/>
    <property name="java.class.version" value="52.0"/>
    <property name="socksNonProxyHosts" value="local|*.local|169.254/16|*.169.254/16"/>
  </properties>
  <testcase name="validateRegressionTestDefinition" classname="ca.on.oicr.pde.workflows.sWGPipeTest" time="1.039"/>
</testsuite>