<?xml version="1.0" encoding="UTF-8"?>
<!-- Generated by org.testng.reporters.JUnitReportReporter -->
<testsuite hostname="olm-prath.oicr.on.ca" name="ca.on.oicr.pde.workflows.sWGPipeTest" tests="1" failures="0" timestamp="28 May 2019 19:51:26 GMT" time="1.041" errors="0">
  <testcase name="validateRegressionTestDefinition" time="1.041" classname="ca.on.oicr.pde.workflows.sWGPipeTest"/>
</testsuite> <!-- ca.on.oicr.pde.workflows.sWGPipeTest -->
